# JRE version: Java(TM) SE Runtime Environment (7.0_67-b01) (build 1.7.0_67-b01)
# Java VM: Java HotSpot(TM) 64-Bit Server VM (24.65-b04 mixed mode windows-amd64 compressed oops)
Heap
 PSYoungGen      total 208384K, used 90371K [0x00000000eaa80000, 0x00000000f8c80000, 0x0000000100000000)
  eden space 190976K, 44% used [0x00000000eaa80000,0x00000000efcef010,0x00000000f6500000)
  from space 17408K, 34% used [0x00000000f6500000,0x00000000f6ad1d18,0x00000000f7600000)
  to   space 11776K, 0% used [0x00000000f7600000,0x00000000f7600000,0x00000000f8180000)
 ParOldGen       total 76800K, used 42030K [0x00000000c0000000, 0x00000000c4b00000, 0x00000000eaa80000)
  object space 76800K, 54% used [0x00000000c0000000,0x00000000c290ba90,0x00000000c4b00000)
 PSPermGen       total 42496K, used 42024K [0x00000000b0000000, 0x00000000b2980000, 0x00000000c0000000)
  object space 42496K, 98% used [0x00000000b0000000,0x00000000b290a258,0x00000000b2980000)
GC Heap History (10 events):
Event: 22.411 GC heap before
{Heap before GC invocations=8 (full 0):
 PSYoungGen      total 69120K, used 64644K [0x00000000eaa80000, 0x00000000f3180000, 0x0000000100000000)
  eden space 61440K, 100% used [0x00000000eaa80000,0x00000000ee680000,0x00000000ee680000)
  from space 7680K, 41% used [0x00000000ee680000,0x00000000ee9a10e0,0x00000000eee00000)
  to   space 7680K, 0% used [0x00000000f2a00000,0x00000000f2a00000,0x00000000f3180000)
 ParOldGen       total 39936K, used 9619K [0x00000000c0000000, 0x00000000c2700000, 0x00000000eaa80000)
  object space 39936K, 24% used [0x00000000c0000000,0x00000000c0964e20,0x00000000c2700000)
 PSPermGen       total 22016K, used 21584K [0x00000000b0000000, 0x00000000b1580000, 0x00000000c0000000)
  object space 22016K, 98% used [0x00000000b0000000,0x00000000b1514338,0x00000000b1580000)
Event: 22.434 GC heap after
Heap after GC invocations=8 (full 0):
 PSYoungGen      total 129536K, used 4184K [0x00000000eaa80000, 0x00000000f3080000, 0x0000000100000000)
  eden space 122880K, 0% used [0x00000000eaa80000,0x00000000eaa80000,0x00000000f2280000)
  from space 6656K, 62% used [0x00000000f2a00000,0x00000000f2e16218,0x00000000f3080000)
  to   space 7168K, 0% used [0x00000000f2280000,0x00000000f2280000,0x00000000f2980000)
 ParOldGen       total 39936K, used 10635K [0x00000000c0000000, 0x00000000c2700000, 0x00000000eaa80000)
  object space 39936K, 26% used [0x00000000c0000000,0x00000000c0a62ec0,0x00000000c2700000)
 PSPermGen       total 22016K, used 21584K [0x00000000b0000000, 0x00000000b1580000, 0x00000000c0000000)
  object space 22016K, 98% used [0x00000000b0000000,0x00000000b1514338,0x00000000b1580000)
}
Event: 37.027 GC heap before
{Heap before GC invocations=9 (full 0):
 PSYoungGen      total 129536K, used 127064K [0x00000000eaa80000, 0x00000000f3080000, 0x0000000100000000)
  eden space 122880K, 100% used [0x00000000eaa80000,0x00000000f2280000,0x00000000f2280000)
  from space 6656K, 62% used [0x00000000f2a00000,0x00000000f2e16218,0x00000000f3080000)
  to   space 7168K, 0% used [0x00000000f2280000,0x00000000f2280000,0x00000000f2980000)
 ParOldGen       total 39936K, used 10635K [0x00000000c0000000, 0x00000000c2700000, 0x00000000eaa80000)
  object space 39936K, 26% used [0x00000000c0000000,0x00000000c0a62ec0,0x00000000c2700000)
 PSPermGen       total 30720K, used 30352K [0x00000000b0000000, 0x00000000b1e00000, 0x00000000c0000000)
  object space 30720K, 98% used [0x00000000b0000000,0x00000000b1da42f8,0x00000000b1e00000)
Event: 37.139 GC heap after
Heap after GC invocations=9 (full 0):
 PSYoungGen      total 130048K, used 7152K [0x00000000eaa80000, 0x00000000f8180000, 0x0000000100000000)
  eden space 122880K, 0% used [0x00000000eaa80000,0x00000000eaa80000,0x00000000f2280000)
  from space 7168K, 99% used [0x00000000f2280000,0x00000000f297c010,0x00000000f2980000)
  to   space 11776K, 0% used [0x00000000f7600000,0x00000000f7600000,0x00000000f8180000)
 ParOldGen       total 39936K, used 18908K [0x00000000c0000000, 0x00000000c2700000, 0x00000000eaa80000)
  object space 39936K, 47% used [0x00000000c0000000,0x00000000c1277058,0x00000000c2700000)
 PSPermGen       total 30720K, used 30352K [0x00000000b0000000, 0x00000000b1e00000, 0x00000000c0000000)
  object space 30720K, 98% used [0x00000000b0000000,0x00000000b1da42f8,0x00000000b1e00000)
}
Event: 46.794 GC heap before
{Heap before GC invocations=10 (full 0):
 PSYoungGen      total 130048K, used 130032K [0x00000000eaa80000, 0x00000000f8180000, 0x0000000100000000)
  eden space 122880K, 100% used [0x00000000eaa80000,0x00000000f2280000,0x00000000f2280000)
  from space 7168K, 99% used [0x00000000f2280000,0x00000000f297c010,0x00000000f2980000)
  to   space 11776K, 0% used [0x00000000f7600000,0x00000000f7600000,0x00000000f8180000)
 ParOldGen       total 39936K, used 18908K [0x00000000c0000000, 0x00000000c2700000, 0x00000000eaa80000)
  object space 39936K, 47% used [0x00000000c0000000,0x00000000c1277058,0x00000000c2700000)
 PSPermGen       total 37376K, used 37085K [0x00000000b0000000, 0x00000000b2480000, 0x00000000c0000000)
  object space 37376K, 99% used [0x00000000b0000000,0x00000000b2437708,0x00000000b2480000)
Event: 47.713 GC heap after
Heap after GC invocations=10 (full 0):
 PSYoungGen      total 202752K, used 11767K [0x00000000eaa80000, 0x00000000f8c80000, 0x0000000100000000)
  eden space 190976K, 0% used [0x00000000eaa80000,0x00000000eaa80000,0x00000000f6500000)
  from space 11776K, 99% used [0x00000000f7600000,0x00000000f817dc10,0x00000000f8180000)
  to   space 17408K, 0% used [0x00000000f6500000,0x00000000f6500000,0x00000000f7600000)
 ParOldGen       total 39936K, used 30169K [0x00000000c0000000, 0x00000000c2700000, 0x00000000eaa80000)
  object space 39936K, 75% used [0x00000000c0000000,0x00000000c1d76640,0x00000000c2700000)
 PSPermGen       total 37376K, used 37085K [0x00000000b0000000, 0x00000000b2480000, 0x00000000c0000000)
  object space 37376K, 99% used [0x00000000b0000000,0x00000000b2437708,0x00000000b2480000)
}
Event: 68.151 GC heap before
{Heap before GC invocations=11 (full 0):
 PSYoungGen      total 202752K, used 202743K [0x00000000eaa80000, 0x00000000f8c80000, 0x0000000100000000)
  eden space 190976K, 100% used [0x00000000eaa80000,0x00000000f6500000,0x00000000f6500000)
  from space 11776K, 99% used [0x00000000f7600000,0x00000000f817dc10,0x00000000f8180000)
  to   space 17408K, 0% used [0x00000000f6500000,0x00000000f6500000,0x00000000f7600000)
 ParOldGen       total 39936K, used 30169K [0x00000000c0000000, 0x00000000c2700000, 0x00000000eaa80000)
  object space 39936K, 75% used [0x00000000c0000000,0x00000000c1d76640,0x00000000c2700000)
 PSPermGen       total 42496K, used 42043K [0x00000000b0000000, 0x00000000b2980000, 0x00000000c0000000)
  object space 42496K, 98% used [0x00000000b0000000,0x00000000b290eff8,0x00000000b2980000)
Event: 71.053 GC heap after
Heap after GC invocations=11 (full 0):
 PSYoungGen      total 208384K, used 16890K [0x00000000eaa80000, 0x00000000f8c80000, 0x0000000100000000)
  eden space 190976K, 0% used [0x00000000eaa80000,0x00000000eaa80000,0x00000000f6500000)
  from space 17408K, 97% used [0x00000000f6500000,0x00000000f757e958,0x00000000f7600000)
  to   space 11776K, 0% used [0x00000000f7600000,0x00000000f7600000,0x00000000f8180000)
 ParOldGen       total 42496K, used 41981K [0x00000000c0000000, 0x00000000c2980000, 0x00000000eaa80000)
  object space 42496K, 98% used [0x00000000c0000000,0x00000000c28ff5d0,0x00000000c2980000)
 PSPermGen       total 42496K, used 42043K [0x00000000b0000000, 0x00000000b2980000, 0x00000000c0000000)
  object space 42496K, 98% used [0x00000000b0000000,0x00000000b290eff8,0x00000000b2980000)
}
Event: 71.053 GC heap before
{Heap before GC invocations=12 (full 1):
 PSYoungGen      total 208384K, used 16890K [0x00000000eaa80000, 0x00000000f8c80000, 0x0000000100000000)
  eden space 190976K, 0% used [0x00000000eaa80000,0x00000000eaa80000,0x00000000f6500000)
  from space 17408K, 97% used [0x00000000f6500000,0x00000000f757e958,0x00000000f7600000)
  to   space 11776K, 0% used [0x00000000f7600000,0x00000000f7600000,0x00000000f8180000)
 ParOldGen       total 42496K, used 41981K [0x00000000c0000000, 0x00000000c2980000, 0x00000000eaa80000)
  object space 42496K, 98% used [0x00000000c0000000,0x00000000c28ff5d0,0x00000000c2980000)
 PSPermGen       total 42496K, used 42043K [0x00000000b0000000, 0x00000000b2980000, 0x00000000c0000000)
  object space 42496K, 98% used [0x00000000b0000000,0x00000000b290eff8,0x00000000b2980000)
Event: 74.506 GC heap after
Heap after GC invocations=12 (full 1):
 PSYoungGen      total 208384K, used 5959K [0x00000000eaa80000, 0x00000000f8c80000, 0x0000000100000000)
  eden space 190976K, 0% used [0x00000000eaa80000,0x00000000eaa80000,0x00000000f6500000)
  from space 17408K, 34% used [0x00000000f6500000,0x00000000f6ad1d18,0x00000000f7600000)
  to   space 11776K, 0% used [0x00000000f7600000,0x00000000f7600000,0x00000000f8180000)
 ParOldGen       total 76800K, used 42030K [0x00000000c0000000, 0x00000000c4b00000, 0x00000000eaa80000)
  object space 76800K, 54% used [0x00000000c0000000,0x00000000c290ba90,0x00000000c4b00000)
 PSPermGen       total 42496K, used 41989K [0x00000000b0000000, 0x00000000b2980000, 0x00000000c0000000)
  object space 42496K, 98% used [0x00000000b0000000,0x00000000b2901740,0x00000000b2980000)
}

