# JRE version: Java(TM) SE Runtime Environment (7.0_67-b01) (build 1.7.0_67-b01)
# Java VM: Java HotSpot(TM) 64-Bit Server VM (24.65-b04 mixed mode windows-amd64 compressed oops)
Heap
 PSYoungGen      total 208384K, used 81182K [0x00000000eaa80000, 0x0000000100000000, 0x0000000100000000)
  eden space 190976K, 39% used [0x00000000eaa80000,0x00000000ef3fd828,0x00000000f6500000)
  from space 17408K, 34% used [0x00000000f6500000,0x00000000f6aca310,0x00000000f7600000)
  to   space 24576K, 0% used [0x00000000fe800000,0x00000000fe800000,0x0000000100000000)
 ParOldGen       total 77824K, used 42253K [0x00000000c0000000, 0x00000000c4c00000, 0x00000000eaa80000)
  object space 77824K, 54% used [0x00000000c0000000,0x00000000c2943578,0x00000000c4c00000)
 PSPermGen       total 83968K, used 42062K [0x00000000b0000000, 0x00000000b5200000, 0x00000000c0000000)
  object space 83968K, 50% used [0x00000000b0000000,0x00000000b2913b78,0x00000000b5200000)
GC Heap History (10 events):
Event: 10.091 GC heap before
{Heap before GC invocations=8 (full 0):
 PSYoungGen      total 69120K, used 64648K [0x00000000eaa80000, 0x00000000f3180000, 0x0000000100000000)
  eden space 61440K, 100% used [0x00000000eaa80000,0x00000000ee680000,0x00000000ee680000)
  from space 7680K, 41% used [0x00000000ee680000,0x00000000ee9a20e0,0x00000000eee00000)
  to   space 7680K, 0% used [0x00000000f2a00000,0x00000000f2a00000,0x00000000f3180000)
 ParOldGen       total 39936K, used 9554K [0x00000000c0000000, 0x00000000c2700000, 0x00000000eaa80000)
  object space 39936K, 23% used [0x00000000c0000000,0x00000000c0954bf0,0x00000000c2700000)
 PSPermGen       total 22016K, used 21585K [0x00000000b0000000, 0x00000000b1580000, 0x00000000c0000000)
  object space 22016K, 98% used [0x00000000b0000000,0x00000000b1514630,0x00000000b1580000)
Event: 10.111 GC heap after
Heap after GC invocations=8 (full 0):
 PSYoungGen      total 129536K, used 4179K [0x00000000eaa80000, 0x00000000f3080000, 0x0000000100000000)
  eden space 122880K, 0% used [0x00000000eaa80000,0x00000000eaa80000,0x00000000f2280000)
  from space 6656K, 62% used [0x00000000f2a00000,0x00000000f2e14da8,0x00000000f3080000)
  to   space 7168K, 0% used [0x00000000f2280000,0x00000000f2280000,0x00000000f2980000)
 ParOldGen       total 39936K, used 10535K [0x00000000c0000000, 0x00000000c2700000, 0x00000000eaa80000)
  object space 39936K, 26% used [0x00000000c0000000,0x00000000c0a49ca0,0x00000000c2700000)
 PSPermGen       total 22016K, used 21585K [0x00000000b0000000, 0x00000000b1580000, 0x00000000c0000000)
  object space 22016K, 98% used [0x00000000b0000000,0x00000000b1514630,0x00000000b1580000)
}
Event: 17.364 GC heap before
{Heap before GC invocations=9 (full 0):
 PSYoungGen      total 129536K, used 127059K [0x00000000eaa80000, 0x00000000f3080000, 0x0000000100000000)
  eden space 122880K, 100% used [0x00000000eaa80000,0x00000000f2280000,0x00000000f2280000)
  from space 6656K, 62% used [0x00000000f2a00000,0x00000000f2e14da8,0x00000000f3080000)
  to   space 7168K, 0% used [0x00000000f2280000,0x00000000f2280000,0x00000000f2980000)
 ParOldGen       total 39936K, used 10535K [0x00000000c0000000, 0x00000000c2700000, 0x00000000eaa80000)
  object space 39936K, 26% used [0x00000000c0000000,0x00000000c0a49ca0,0x00000000c2700000)
 PSPermGen       total 30720K, used 30369K [0x00000000b0000000, 0x00000000b1e00000, 0x00000000c0000000)
  object space 30720K, 98% used [0x00000000b0000000,0x00000000b1da8630,0x00000000b1e00000)
Event: 17.416 GC heap after
Heap after GC invocations=9 (full 0):
 PSYoungGen      total 130048K, used 7140K [0x00000000eaa80000, 0x00000000f8180000, 0x0000000100000000)
  eden space 122880K, 0% used [0x00000000eaa80000,0x00000000eaa80000,0x00000000f2280000)
  from space 7168K, 99% used [0x00000000f2280000,0x00000000f2979020,0x00000000f2980000)
  to   space 11776K, 0% used [0x00000000f7600000,0x00000000f7600000,0x00000000f8180000)
 ParOldGen       total 39936K, used 18814K [0x00000000c0000000, 0x00000000c2700000, 0x00000000eaa80000)
  object space 39936K, 47% used [0x00000000c0000000,0x00000000c125fbb8,0x00000000c2700000)
 PSPermGen       total 30720K, used 30369K [0x00000000b0000000, 0x00000000b1e00000, 0x00000000c0000000)
  object space 30720K, 98% used [0x00000000b0000000,0x00000000b1da8630,0x00000000b1e00000)
}
Event: 25.487 GC heap before
{Heap before GC invocations=10 (full 0):
 PSYoungGen      total 130048K, used 130020K [0x00000000eaa80000, 0x00000000f8180000, 0x0000000100000000)
  eden space 122880K, 100% used [0x00000000eaa80000,0x00000000f2280000,0x00000000f2280000)
  from space 7168K, 99% used [0x00000000f2280000,0x00000000f2979020,0x00000000f2980000)
  to   space 11776K, 0% used [0x00000000f7600000,0x00000000f7600000,0x00000000f8180000)
 ParOldGen       total 39936K, used 18814K [0x00000000c0000000, 0x00000000c2700000, 0x00000000eaa80000)
  object space 39936K, 47% used [0x00000000c0000000,0x00000000c125fbb8,0x00000000c2700000)
 PSPermGen       total 37376K, used 37096K [0x00000000b0000000, 0x00000000b2480000, 0x00000000c0000000)
  object space 37376K, 99% used [0x00000000b0000000,0x00000000b243a1b0,0x00000000b2480000)
Event: 26.812 GC heap after
Heap after GC invocations=10 (full 0):
 PSYoungGen      total 202752K, used 11766K [0x00000000eaa80000, 0x00000000f8c80000, 0x0000000100000000)
  eden space 190976K, 0% used [0x00000000eaa80000,0x00000000eaa80000,0x00000000f6500000)
  from space 11776K, 99% used [0x00000000f7600000,0x00000000f817da30,0x00000000f8180000)
  to   space 17408K, 0% used [0x00000000f6500000,0x00000000f6500000,0x00000000f7600000)
 ParOldGen       total 39936K, used 30041K [0x00000000c0000000, 0x00000000c2700000, 0x00000000eaa80000)
  object space 39936K, 75% used [0x00000000c0000000,0x00000000c1d565a8,0x00000000c2700000)
 PSPermGen       total 37376K, used 37096K [0x00000000b0000000, 0x00000000b2480000, 0x00000000c0000000)
  object space 37376K, 99% used [0x00000000b0000000,0x00000000b243a1b0,0x00000000b2480000)
}
Event: 43.942 GC heap before
{Heap before GC invocations=11 (full 0):
 PSYoungGen      total 202752K, used 202742K [0x00000000eaa80000, 0x00000000f8c80000, 0x0000000100000000)
  eden space 190976K, 100% used [0x00000000eaa80000,0x00000000f6500000,0x00000000f6500000)
  from space 11776K, 99% used [0x00000000f7600000,0x00000000f817da30,0x00000000f8180000)
  to   space 17408K, 0% used [0x00000000f6500000,0x00000000f6500000,0x00000000f7600000)
 ParOldGen       total 39936K, used 30041K [0x00000000c0000000, 0x00000000c2700000, 0x00000000eaa80000)
  object space 39936K, 75% used [0x00000000c0000000,0x00000000c1d565a8,0x00000000c2700000)
 PSPermGen       total 42496K, used 41984K [0x00000000b0000000, 0x00000000b2980000, 0x00000000c0000000)
  object space 42496K, 98% used [0x00000000b0000000,0x00000000b2900058,0x00000000b2980000)
Event: 44.143 GC heap after
Heap after GC invocations=11 (full 0):
 PSYoungGen      total 208384K, used 17402K [0x00000000eaa80000, 0x0000000100000000, 0x0000000100000000)
  eden space 190976K, 0% used [0x00000000eaa80000,0x00000000eaa80000,0x00000000f6500000)
  from space 17408K, 99% used [0x00000000f6500000,0x00000000f75fe998,0x00000000f7600000)
  to   space 24576K, 0% used [0x00000000fe800000,0x00000000fe800000,0x0000000100000000)
 ParOldGen       total 42496K, used 42043K [0x00000000c0000000, 0x00000000c2980000, 0x00000000eaa80000)
  object space 42496K, 98% used [0x00000000c0000000,0x00000000c290ec50,0x00000000c2980000)
 PSPermGen       total 42496K, used 41984K [0x00000000b0000000, 0x00000000b2980000, 0x00000000c0000000)
  object space 42496K, 98% used [0x00000000b0000000,0x00000000b2900058,0x00000000b2980000)
}
Event: 44.143 GC heap before
{Heap before GC invocations=12 (full 1):
 PSYoungGen      total 208384K, used 17402K [0x00000000eaa80000, 0x0000000100000000, 0x0000000100000000)
  eden space 190976K, 0% used [0x00000000eaa80000,0x00000000eaa80000,0x00000000f6500000)
  from space 17408K, 99% used [0x00000000f6500000,0x00000000f75fe998,0x00000000f7600000)
  to   space 24576K, 0% used [0x00000000fe800000,0x00000000fe800000,0x0000000100000000)
 ParOldGen       total 42496K, used 42043K [0x00000000c0000000, 0x00000000c2980000, 0x00000000eaa80000)
  object space 42496K, 98% used [0x00000000c0000000,0x00000000c290ec50,0x00000000c2980000)
 PSPermGen       total 42496K, used 41984K [0x00000000b0000000, 0x00000000b2980000, 0x00000000c0000000)
  object space 42496K, 98% used [0x00000000b0000000,0x00000000b2900058,0x00000000b2980000)
Event: 45.697 GC heap after
Heap after GC invocations=12 (full 1):
 PSYoungGen      total 208384K, used 5928K [0x00000000eaa80000, 0x0000000100000000, 0x0000000100000000)
  eden space 190976K, 0% used [0x00000000eaa80000,0x00000000eaa80000,0x00000000f6500000)
  from space 17408K, 34% used [0x00000000f6500000,0x00000000f6aca310,0x00000000f7600000)
  to   space 24576K, 0% used [0x00000000fe800000,0x00000000fe800000,0x0000000100000000)
 ParOldGen       total 77824K, used 42253K [0x00000000c0000000, 0x00000000c4c00000, 0x00000000eaa80000)
  object space 77824K, 54% used [0x00000000c0000000,0x00000000c2943578,0x00000000c4c00000)
 PSPermGen       total 83968K, used 41930K [0x00000000b0000000, 0x00000000b5200000, 0x00000000c0000000)
  object space 83968K, 49% used [0x00000000b0000000,0x00000000b28f2820,0x00000000b5200000)
}

