# JRE version: Java(TM) SE Runtime Environment (7.0_67-b01) (build 1.7.0_67-b01)
# Java VM: Java HotSpot(TM) 64-Bit Server VM (24.65-b04 mixed mode windows-amd64 compressed oops)
Heap
 PSYoungGen      total 317952K, used 29213K [0x00000000eaa80000, 0x00000000ff780000, 0x0000000100000000)
  eden space 299520K, 9% used [0x00000000eaa80000,0x00000000ec7075b0,0x00000000fcf00000)
  from space 18432K, 0% used [0x00000000fe280000,0x00000000fe280000,0x00000000ff480000)
  to   space 19968K, 0% used [0x00000000fcf00000,0x00000000fcf00000,0x00000000fe280000)
 ParOldGen       total 71168K, used 42268K [0x00000000c0000000, 0x00000000c4580000, 0x00000000eaa80000)
  object space 71168K, 59% used [0x00000000c0000000,0x00000000c29472c0,0x00000000c4580000)
 PSPermGen       total 88576K, used 48713K [0x00000000b0000000, 0x00000000b5680000, 0x00000000c0000000)
  object space 88576K, 54% used [0x00000000b0000000,0x00000000b2f92530,0x00000000b5680000)
GC Heap History (10 events):
Event: 1313.767 GC heap before
{Heap before GC invocations=16 (full 2):
 PSYoungGen      total 275456K, used 36896K [0x00000000eaa80000, 0x00000000feb80000, 0x0000000100000000)
  eden space 267776K, 10% used [0x00000000eaa80000,0x00000000ec715608,0x00000000fb000000)
  from space 7680K, 99% used [0x00000000fd400000,0x00000000fdb72a68,0x00000000fdb80000)
  to   space 16384K, 0% used [0x00000000fdb80000,0x00000000fdb80000,0x00000000feb80000)
 ParOldGen       total 71168K, used 41685K [0x00000000c0000000, 0x00000000c4580000, 0x00000000eaa80000)
  object space 71168K, 58% used [0x00000000c0000000,0x00000000c28b5460,0x00000000c4580000)
 PSPermGen       total 88064K, used 45160K [0x00000000b0000000, 0x00000000b5600000, 0x00000000c0000000)
  object space 88064K, 51% used [0x00000000b0000000,0x00000000b2c1a2b8,0x00000000b5600000)
Event: 1313.781 GC heap after
Heap after GC invocations=16 (full 2):
 PSYoungGen      total 270848K, used 2768K [0x00000000eaa80000, 0x00000000fde80000, 0x0000000100000000)
  eden space 267776K, 0% used [0x00000000eaa80000,0x00000000eaa80000,0x00000000fb000000)
  from space 3072K, 90% used [0x00000000fdb80000,0x00000000fde34030,0x00000000fde80000)
  to   space 18944K, 0% used [0x00000000fb980000,0x00000000fb980000,0x00000000fcc00000)
 ParOldGen       total 71168K, used 41685K [0x00000000c0000000, 0x00000000c4580000, 0x00000000eaa80000)
  object space 71168K, 58% used [0x00000000c0000000,0x00000000c28b5460,0x00000000c4580000)
 PSPermGen       total 88064K, used 45160K [0x00000000b0000000, 0x00000000b5600000, 0x00000000c0000000)
  object space 88064K, 51% used [0x00000000b0000000,0x00000000b2c1a2b8,0x00000000b5600000)
}
Event: 1313.781 GC heap before
{Heap before GC invocations=17 (full 3):
 PSYoungGen      total 270848K, used 2768K [0x00000000eaa80000, 0x00000000fde80000, 0x0000000100000000)
  eden space 267776K, 0% used [0x00000000eaa80000,0x00000000eaa80000,0x00000000fb000000)
  from space 3072K, 90% used [0x00000000fdb80000,0x00000000fde34030,0x00000000fde80000)
  to   space 18944K, 0% used [0x00000000fb980000,0x00000000fb980000,0x00000000fcc00000)
 ParOldGen       total 71168K, used 41685K [0x00000000c0000000, 0x00000000c4580000, 0x00000000eaa80000)
  object space 71168K, 58% used [0x00000000c0000000,0x00000000c28b5460,0x00000000c4580000)
 PSPermGen       total 88064K, used 45160K [0x00000000b0000000, 0x00000000b5600000, 0x00000000c0000000)
  object space 88064K, 51% used [0x00000000b0000000,0x00000000b2c1a2b8,0x00000000b5600000)
Event: 1314.802 GC heap after
Heap after GC invocations=17 (full 3):
 PSYoungGen      total 270848K, used 0K [0x00000000eaa80000, 0x00000000fde80000, 0x0000000100000000)
  eden space 267776K, 0% used [0x00000000eaa80000,0x00000000eaa80000,0x00000000fb000000)
  from space 3072K, 0% used [0x00000000fdb80000,0x00000000fdb80000,0x00000000fde80000)
  to   space 18944K, 0% used [0x00000000fb980000,0x00000000fb980000,0x00000000fcc00000)
 ParOldGen       total 71168K, used 31446K [0x00000000c0000000, 0x00000000c4580000, 0x00000000eaa80000)
  object space 71168K, 44% used [0x00000000c0000000,0x00000000c1eb5ba0,0x00000000c4580000)
 PSPermGen       total 88064K, used 44247K [0x00000000b0000000, 0x00000000b5600000, 0x00000000c0000000)
  object space 88064K, 50% used [0x00000000b0000000,0x00000000b2b35fd0,0x00000000b5600000)
}
Event: 1690.121 GC heap before
{Heap before GC invocations=18 (full 3):
 PSYoungGen      total 270848K, used 267776K [0x00000000eaa80000, 0x00000000fde80000, 0x0000000100000000)
  eden space 267776K, 100% used [0x00000000eaa80000,0x00000000fb000000,0x00000000fb000000)
  from space 3072K, 0% used [0x00000000fdb80000,0x00000000fdb80000,0x00000000fde80000)
  to   space 18944K, 0% used [0x00000000fb980000,0x00000000fb980000,0x00000000fcc00000)
 ParOldGen       total 71168K, used 31446K [0x00000000c0000000, 0x00000000c4580000, 0x00000000eaa80000)
  object space 71168K, 44% used [0x00000000c0000000,0x00000000c1eb5ba0,0x00000000c4580000)
 PSPermGen       total 88064K, used 44694K [0x00000000b0000000, 0x00000000b5600000, 0x00000000c0000000)
  object space 88064K, 50% used [0x00000000b0000000,0x00000000b2ba59f0,0x00000000b5600000)
Event: 1690.163 GC heap after
Heap after GC invocations=18 (full 3):
 PSYoungGen      total 296448K, used 5184K [0x00000000eaa80000, 0x00000000ff480000, 0x0000000100000000)
  eden space 277504K, 0% used [0x00000000eaa80000,0x00000000eaa80000,0x00000000fb980000)
  from space 18944K, 27% used [0x00000000fb980000,0x00000000fbe90020,0x00000000fcc00000)
  to   space 18432K, 0% used [0x00000000fe280000,0x00000000fe280000,0x00000000ff480000)
 ParOldGen       total 71168K, used 31446K [0x00000000c0000000, 0x00000000c4580000, 0x00000000eaa80000)
  object space 71168K, 44% used [0x00000000c0000000,0x00000000c1eb5ba0,0x00000000c4580000)
 PSPermGen       total 88064K, used 44694K [0x00000000b0000000, 0x00000000b5600000, 0x00000000c0000000)
  object space 88064K, 50% used [0x00000000b0000000,0x00000000b2ba59f0,0x00000000b5600000)
}
Event: 1697.623 GC heap before
{Heap before GC invocations=19 (full 3):
 PSYoungGen      total 296448K, used 199954K [0x00000000eaa80000, 0x00000000ff480000, 0x0000000100000000)
  eden space 277504K, 70% used [0x00000000eaa80000,0x00000000f68b4af0,0x00000000fb980000)
  from space 18944K, 27% used [0x00000000fb980000,0x00000000fbe90020,0x00000000fcc00000)
  to   space 18432K, 0% used [0x00000000fe280000,0x00000000fe280000,0x00000000ff480000)
 ParOldGen       total 71168K, used 31446K [0x00000000c0000000, 0x00000000c4580000, 0x00000000eaa80000)
  object space 71168K, 44% used [0x00000000c0000000,0x00000000c1eb5ba0,0x00000000c4580000)
 PSPermGen       total 88064K, used 48977K [0x00000000b0000000, 0x00000000b5600000, 0x00000000c0000000)
  object space 88064K, 55% used [0x00000000b0000000,0x00000000b2fd44e0,0x00000000b5600000)
Event: 1697.695 GC heap after
Heap after GC invocations=19 (full 3):
 PSYoungGen      total 317952K, used 14775K [0x00000000eaa80000, 0x00000000ff780000, 0x0000000100000000)
  eden space 299520K, 0% used [0x00000000eaa80000,0x00000000eaa80000,0x00000000fcf00000)
  from space 18432K, 80% used [0x00000000fe280000,0x00000000ff0eddd0,0x00000000ff480000)
  to   space 19968K, 0% used [0x00000000fcf00000,0x00000000fcf00000,0x00000000fe280000)
 ParOldGen       total 71168K, used 31454K [0x00000000c0000000, 0x00000000c4580000, 0x00000000eaa80000)
  object space 71168K, 44% used [0x00000000c0000000,0x00000000c1eb7ba0,0x00000000c4580000)
 PSPermGen       total 88064K, used 48977K [0x00000000b0000000, 0x00000000b5600000, 0x00000000c0000000)
  object space 88064K, 55% used [0x00000000b0000000,0x00000000b2fd44e0,0x00000000b5600000)
}
Event: 1697.696 GC heap before
{Heap before GC invocations=20 (full 4):
 PSYoungGen      total 317952K, used 14775K [0x00000000eaa80000, 0x00000000ff780000, 0x0000000100000000)
  eden space 299520K, 0% used [0x00000000eaa80000,0x00000000eaa80000,0x00000000fcf00000)
  from space 18432K, 80% used [0x00000000fe280000,0x00000000ff0eddd0,0x00000000ff480000)
  to   space 19968K, 0% used [0x00000000fcf00000,0x00000000fcf00000,0x00000000fe280000)
 ParOldGen       total 71168K, used 31454K [0x00000000c0000000, 0x00000000c4580000, 0x00000000eaa80000)
  object space 71168K, 44% used [0x00000000c0000000,0x00000000c1eb7ba0,0x00000000c4580000)
 PSPermGen       total 88064K, used 48977K [0x00000000b0000000, 0x00000000b5600000, 0x00000000c0000000)
  object space 88064K, 55% used [0x00000000b0000000,0x00000000b2fd44e0,0x00000000b5600000)
Event: 1699.118 GC heap after
Heap after GC invocations=20 (full 4):
 PSYoungGen      total 317952K, used 0K [0x00000000eaa80000, 0x00000000ff780000, 0x0000000100000000)
  eden space 299520K, 0% used [0x00000000eaa80000,0x00000000eaa80000,0x00000000fcf00000)
  from space 18432K, 0% used [0x00000000fe280000,0x00000000fe280000,0x00000000ff480000)
  to   space 19968K, 0% used [0x00000000fcf00000,0x00000000fcf00000,0x00000000fe280000)
 ParOldGen       total 71168K, used 42268K [0x00000000c0000000, 0x00000000c4580000, 0x00000000eaa80000)
  object space 71168K, 59% used [0x00000000c0000000,0x00000000c29472c0,0x00000000c4580000)
 PSPermGen       total 88576K, used 48640K [0x00000000b0000000, 0x00000000b5680000, 0x00000000c0000000)
  object space 88576K, 54% used [0x00000000b0000000,0x00000000b2f80270,0x00000000b5680000)
}

